Determining if the Q_WS_WIN exist failed with the following output:
Change Dir: /home/fluffypony/git/Coprocessor-Vision/Coprocessor/build/CMakeFiles/CMakeTmp

Run Build Command:/usr/bin/make "cmTryCompileExec2745715289/fast"
/usr/bin/make -f CMakeFiles/cmTryCompileExec2745715289.dir/build.make CMakeFiles/cmTryCompileExec2745715289.dir/build
make[1]: Entering directory `/home/fluffypony/git/Coprocessor-Vision/Coprocessor/build/CMakeFiles/CMakeTmp'
/usr/bin/cmake -E cmake_progress_report /home/fluffypony/git/Coprocessor-Vision/Coprocessor/build/CMakeFiles/CMakeTmp/CMakeFiles 1
Building CXX object CMakeFiles/cmTryCompileExec2745715289.dir/CheckSymbolExists.cxx.o
/usr/bin/c++    -I/usr/include/qt4    -o CMakeFiles/cmTryCompileExec2745715289.dir/CheckSymbolExists.cxx.o -c /home/fluffypony/git/Coprocessor-Vision/Coprocessor/build/CMakeFiles/CMakeTmp/CheckSymbolExists.cxx
/home/fluffypony/git/Coprocessor-Vision/Coprocessor/build/CMakeFiles/CMakeTmp/CheckSymbolExists.cxx: In function ‘int main(int, char**)’:
/home/fluffypony/git/Coprocessor-Vision/Coprocessor/build/CMakeFiles/CMakeTmp/CheckSymbolExists.cxx:8:19: error: ‘Q_WS_WIN’ was not declared in this scope
make[1]: *** [CMakeFiles/cmTryCompileExec2745715289.dir/CheckSymbolExists.cxx.o] Error 1
make[1]: Leaving directory `/home/fluffypony/git/Coprocessor-Vision/Coprocessor/build/CMakeFiles/CMakeTmp'
make: *** [cmTryCompileExec2745715289/fast] Error 2

File /home/fluffypony/git/Coprocessor-Vision/Coprocessor/build/CMakeFiles/CMakeTmp/CheckSymbolExists.cxx:
/* */
#include <QtCore/qglobal.h>

int main(int argc, char** argv)
{
  (void)argv;
#ifndef Q_WS_WIN
  return ((int*)(&Q_WS_WIN))[argc];
#else
  (void)argc;
  return 0;
#endif
}

Determining if the Q_WS_QWS exist failed with the following output:
Change Dir: /home/fluffypony/git/Coprocessor-Vision/Coprocessor/build/CMakeFiles/CMakeTmp

Run Build Command:/usr/bin/make "cmTryCompileExec3705007703/fast"
/usr/bin/make -f CMakeFiles/cmTryCompileExec3705007703.dir/build.make CMakeFiles/cmTryCompileExec3705007703.dir/build
make[1]: Entering directory `/home/fluffypony/git/Coprocessor-Vision/Coprocessor/build/CMakeFiles/CMakeTmp'
/usr/bin/cmake -E cmake_progress_report /home/fluffypony/git/Coprocessor-Vision/Coprocessor/build/CMakeFiles/CMakeTmp/CMakeFiles 1
Building CXX object CMakeFiles/cmTryCompileExec3705007703.dir/CheckSymbolExists.cxx.o
/usr/bin/c++    -I/usr/include/qt4    -o CMakeFiles/cmTryCompileExec3705007703.dir/CheckSymbolExists.cxx.o -c /home/fluffypony/git/Coprocessor-Vision/Coprocessor/build/CMakeFiles/CMakeTmp/CheckSymbolExists.cxx
/home/fluffypony/git/Coprocessor-Vision/Coprocessor/build/CMakeFiles/CMakeTmp/CheckSymbolExists.cxx: In function ‘int main(int, char**)’:
/home/fluffypony/git/Coprocessor-Vision/Coprocessor/build/CMakeFiles/CMakeTmp/CheckSymbolExists.cxx:8:19: error: ‘Q_WS_QWS’ was not declared in this scope
make[1]: *** [CMakeFiles/cmTryCompileExec3705007703.dir/CheckSymbolExists.cxx.o] Error 1
make[1]: Leaving directory `/home/fluffypony/git/Coprocessor-Vision/Coprocessor/build/CMakeFiles/CMakeTmp'
make: *** [cmTryCompileExec3705007703/fast] Error 2

File /home/fluffypony/git/Coprocessor-Vision/Coprocessor/build/CMakeFiles/CMakeTmp/CheckSymbolExists.cxx:
/* */
#include <QtCore/qglobal.h>

int main(int argc, char** argv)
{
  (void)argv;
#ifndef Q_WS_QWS
  return ((int*)(&Q_WS_QWS))[argc];
#else
  (void)argc;
  return 0;
#endif
}

Determining if the Q_WS_MAC exist failed with the following output:
Change Dir: /home/fluffypony/git/Coprocessor-Vision/Coprocessor/build/CMakeFiles/CMakeTmp

Run Build Command:/usr/bin/make "cmTryCompileExec1174742345/fast"
/usr/bin/make -f CMakeFiles/cmTryCompileExec1174742345.dir/build.make CMakeFiles/cmTryCompileExec1174742345.dir/build
make[1]: Entering directory `/home/fluffypony/git/Coprocessor-Vision/Coprocessor/build/CMakeFiles/CMakeTmp'
/usr/bin/cmake -E cmake_progress_report /home/fluffypony/git/Coprocessor-Vision/Coprocessor/build/CMakeFiles/CMakeTmp/CMakeFiles 1
Building CXX object CMakeFiles/cmTryCompileExec1174742345.dir/CheckSymbolExists.cxx.o
/usr/bin/c++    -I/usr/include/qt4    -o CMakeFiles/cmTryCompileExec1174742345.dir/CheckSymbolExists.cxx.o -c /home/fluffypony/git/Coprocessor-Vision/Coprocessor/build/CMakeFiles/CMakeTmp/CheckSymbolExists.cxx
/home/fluffypony/git/Coprocessor-Vision/Coprocessor/build/CMakeFiles/CMakeTmp/CheckSymbolExists.cxx: In function ‘int main(int, char**)’:
/home/fluffypony/git/Coprocessor-Vision/Coprocessor/build/CMakeFiles/CMakeTmp/CheckSymbolExists.cxx:8:19: error: ‘Q_WS_MAC’ was not declared in this scope
make[1]: *** [CMakeFiles/cmTryCompileExec1174742345.dir/CheckSymbolExists.cxx.o] Error 1
make[1]: Leaving directory `/home/fluffypony/git/Coprocessor-Vision/Coprocessor/build/CMakeFiles/CMakeTmp'
make: *** [cmTryCompileExec1174742345/fast] Error 2

File /home/fluffypony/git/Coprocessor-Vision/Coprocessor/build/CMakeFiles/CMakeTmp/CheckSymbolExists.cxx:
/* */
#include <QtCore/qglobal.h>

int main(int argc, char** argv)
{
  (void)argv;
#ifndef Q_WS_MAC
  return ((int*)(&Q_WS_MAC))[argc];
#else
  (void)argc;
  return 0;
#endif
}

